2021-03-08 00:49:01,625 DEBUG [main] InternalLoggerFactory:89 - Using Log4J as the default logging framework
2021-03-08 00:49:01,636 DEBUG [main] ResourceLeakDetector:129 - -Dio.netty.leakDetection.level: simple
2021-03-08 00:49:01,636 DEBUG [main] ResourceLeakDetector:130 - -Dio.netty.leakDetection.targetRecords: 4
2021-03-08 00:49:01,643 DEBUG [main] ResourceLeakDetectorFactory:196 - Loaded default ResourceLeakDetector: io.netty.util.ResourceLeakDetector@76a82f33
2021-03-08 00:49:01,678 DEBUG [main] PlatformDependent:1036 - Platform: Windows
2021-03-08 00:49:01,681 DEBUG [main] PlatformDependent0:417 - -Dio.netty.noUnsafe: false
2021-03-08 00:49:01,682 DEBUG [main] PlatformDependent0:897 - Java version: 15
2021-03-08 00:49:01,684 DEBUG [main] PlatformDependent0:130 - sun.misc.Unsafe.theUnsafe: available
2021-03-08 00:49:01,685 DEBUG [main] PlatformDependent0:154 - sun.misc.Unsafe.copyMemory: available
2021-03-08 00:49:01,687 DEBUG [main] PlatformDependent0:192 - java.nio.Buffer.address: available
2021-03-08 00:49:01,688 DEBUG [main] PlatformDependent0:266 - direct buffer constructor: unavailable
java.lang.UnsupportedOperationException: Reflective setAccessible(true) disabled
	at io.netty.util.internal.ReflectionUtil.trySetAccessible(ReflectionUtil.java:31)
	at io.netty.util.internal.PlatformDependent0$4.run(PlatformDependent0.java:238)
	at java.base/java.security.AccessController.doPrivileged(AccessController.java:312)
	at io.netty.util.internal.PlatformDependent0.<clinit>(PlatformDependent0.java:232)
	at io.netty.util.internal.PlatformDependent.isAndroid(PlatformDependent.java:293)
	at io.netty.util.internal.PlatformDependent.<clinit>(PlatformDependent.java:92)
	at io.netty.util.HashedWheelTimer.<init>(HashedWheelTimer.java:109)
	at io.netty.util.HashedWheelTimer.<init>(HashedWheelTimer.java:218)
	at io.netty.util.HashedWheelTimer.<init>(HashedWheelTimer.java:197)
	at org.openqa.selenium.remote.http.netty.NettyClient.<clinit>(NettyClient.java:51)
	at org.openqa.selenium.remote.http.netty.NettyClient$Factory.createClient(NettyClient.java:129)
	at org.openqa.selenium.remote.HttpCommandExecutor.<init>(HttpCommandExecutor.java:104)
	at org.openqa.selenium.remote.HttpCommandExecutor.<init>(HttpCommandExecutor.java:90)
	at org.openqa.selenium.remote.HttpCommandExecutor.<init>(HttpCommandExecutor.java:80)
	at org.openqa.selenium.remote.service.DriverCommandExecutor.<init>(DriverCommandExecutor.java:68)
	at org.openqa.selenium.chromium.ChromiumDriverCommandExecutor.<init>(ChromiumDriverCommandExecutor.java:78)
	at org.openqa.selenium.chrome.ChromeDriver.<init>(ChromeDriver.java:99)
	at org.openqa.selenium.chrome.ChromeDriver.<init>(ChromeDriver.java:86)
	at org.openqa.selenium.chrome.ChromeDriver.<init>(ChromeDriver.java:41)
	at com.Test.BaseTest.setUp(BaseTest.java:40)
	at java.base/jdk.internal.reflect.NativeMethodAccessorImpl.invoke0(Native Method)
	at java.base/jdk.internal.reflect.NativeMethodAccessorImpl.invoke(NativeMethodAccessorImpl.java:64)
	at java.base/jdk.internal.reflect.DelegatingMethodAccessorImpl.invoke(DelegatingMethodAccessorImpl.java:43)
	at java.base/java.lang.reflect.Method.invoke(Method.java:564)
	at org.testng.internal.MethodInvocationHelper.invokeMethod(MethodInvocationHelper.java:133)
	at org.testng.internal.MethodInvocationHelper.invokeMethodConsideringTimeout(MethodInvocationHelper.java:62)
	at org.testng.internal.ConfigInvoker.invokeConfigurationMethod(ConfigInvoker.java:385)
	at org.testng.internal.ConfigInvoker.invokeConfigurations(ConfigInvoker.java:321)
	at org.testng.internal.TestInvoker.runConfigMethods(TestInvoker.java:700)
	at org.testng.internal.TestInvoker.invokeMethod(TestInvoker.java:527)
	at org.testng.internal.TestInvoker.invokeTestMethod(TestInvoker.java:173)
	at org.testng.internal.MethodRunner.runInSequence(MethodRunner.java:46)
	at org.testng.internal.TestInvoker$MethodInvocationAgent.invoke(TestInvoker.java:824)
	at org.testng.internal.TestInvoker.invokeTestMethods(TestInvoker.java:146)
	at org.testng.internal.TestMethodWorker.invokeTestMethods(TestMethodWorker.java:146)
	at org.testng.internal.TestMethodWorker.run(TestMethodWorker.java:128)
	at java.base/java.util.ArrayList.forEach(ArrayList.java:1511)
	at org.testng.TestRunner.privateRun(TestRunner.java:794)
	at org.testng.TestRunner.run(TestRunner.java:596)
	at org.testng.SuiteRunner.runTest(SuiteRunner.java:377)
	at org.testng.SuiteRunner.runSequentially(SuiteRunner.java:371)
	at org.testng.SuiteRunner.privateRun(SuiteRunner.java:332)
	at org.testng.SuiteRunner.run(SuiteRunner.java:276)
	at org.testng.SuiteRunnerWorker.runSuite(SuiteRunnerWorker.java:53)
	at org.testng.SuiteRunnerWorker.run(SuiteRunnerWorker.java:96)
	at org.testng.TestNG.runSuitesSequentially(TestNG.java:1212)
	at org.testng.TestNG.runSuitesLocally(TestNG.java:1134)
	at org.testng.TestNG.runSuites(TestNG.java:1063)
	at org.testng.TestNG.run(TestNG.java:1031)
	at org.testng.remote.AbstractRemoteTestNG.run(AbstractRemoteTestNG.java:115)
	at org.testng.remote.RemoteTestNG.initAndRun(RemoteTestNG.java:251)
	at org.testng.remote.RemoteTestNG.main(RemoteTestNG.java:77)
2021-03-08 00:49:01,694 DEBUG [main] PlatformDependent0:331 - java.nio.Bits.unaligned: available, true
2021-03-08 00:49:01,696 DEBUG [main] PlatformDependent0:390 - jdk.internal.misc.Unsafe.allocateUninitializedArray(int): unavailable
java.lang.IllegalAccessException: class io.netty.util.internal.PlatformDependent0$6 cannot access class jdk.internal.misc.Unsafe (in module java.base) because module java.base does not export jdk.internal.misc to unnamed module @18cc679e
	at java.base/jdk.internal.reflect.Reflection.newIllegalAccessException(Reflection.java:385)
	at java.base/java.lang.reflect.AccessibleObject.checkAccess(AccessibleObject.java:693)
	at java.base/java.lang.reflect.Method.invoke(Method.java:556)
	at io.netty.util.internal.PlatformDependent0$6.run(PlatformDependent0.java:352)
	at java.base/java.security.AccessController.doPrivileged(AccessController.java:312)
	at io.netty.util.internal.PlatformDependent0.<clinit>(PlatformDependent0.java:343)
	at io.netty.util.internal.PlatformDependent.isAndroid(PlatformDependent.java:293)
	at io.netty.util.internal.PlatformDependent.<clinit>(PlatformDependent.java:92)
	at io.netty.util.HashedWheelTimer.<init>(HashedWheelTimer.java:109)
	at io.netty.util.HashedWheelTimer.<init>(HashedWheelTimer.java:218)
	at io.netty.util.HashedWheelTimer.<init>(HashedWheelTimer.java:197)
	at org.openqa.selenium.remote.http.netty.NettyClient.<clinit>(NettyClient.java:51)
	at org.openqa.selenium.remote.http.netty.NettyClient$Factory.createClient(NettyClient.java:129)
	at org.openqa.selenium.remote.HttpCommandExecutor.<init>(HttpCommandExecutor.java:104)
	at org.openqa.selenium.remote.HttpCommandExecutor.<init>(HttpCommandExecutor.java:90)
	at org.openqa.selenium.remote.HttpCommandExecutor.<init>(HttpCommandExecutor.java:80)
	at org.openqa.selenium.remote.service.DriverCommandExecutor.<init>(DriverCommandExecutor.java:68)
	at org.openqa.selenium.chromium.ChromiumDriverCommandExecutor.<init>(ChromiumDriverCommandExecutor.java:78)
	at org.openqa.selenium.chrome.ChromeDriver.<init>(ChromeDriver.java:99)
	at org.openqa.selenium.chrome.ChromeDriver.<init>(ChromeDriver.java:86)
	at org.openqa.selenium.chrome.ChromeDriver.<init>(ChromeDriver.java:41)
	at com.Test.BaseTest.setUp(BaseTest.java:40)
	at java.base/jdk.internal.reflect.NativeMethodAccessorImpl.invoke0(Native Method)
	at java.base/jdk.internal.reflect.NativeMethodAccessorImpl.invoke(NativeMethodAccessorImpl.java:64)
	at java.base/jdk.internal.reflect.DelegatingMethodAccessorImpl.invoke(DelegatingMethodAccessorImpl.java:43)
	at java.base/java.lang.reflect.Method.invoke(Method.java:564)
	at org.testng.internal.MethodInvocationHelper.invokeMethod(MethodInvocationHelper.java:133)
	at org.testng.internal.MethodInvocationHelper.invokeMethodConsideringTimeout(MethodInvocationHelper.java:62)
	at org.testng.internal.ConfigInvoker.invokeConfigurationMethod(ConfigInvoker.java:385)
	at org.testng.internal.ConfigInvoker.invokeConfigurations(ConfigInvoker.java:321)
	at org.testng.internal.TestInvoker.runConfigMethods(TestInvoker.java:700)
	at org.testng.internal.TestInvoker.invokeMethod(TestInvoker.java:527)
	at org.testng.internal.TestInvoker.invokeTestMethod(TestInvoker.java:173)
	at org.testng.internal.MethodRunner.runInSequence(MethodRunner.java:46)
	at org.testng.internal.TestInvoker$MethodInvocationAgent.invoke(TestInvoker.java:824)
	at org.testng.internal.TestInvoker.invokeTestMethods(TestInvoker.java:146)
	at org.testng.internal.TestMethodWorker.invokeTestMethods(TestMethodWorker.java:146)
	at org.testng.internal.TestMethodWorker.run(TestMethodWorker.java:128)
	at java.base/java.util.ArrayList.forEach(ArrayList.java:1511)
	at org.testng.TestRunner.privateRun(TestRunner.java:794)
	at org.testng.TestRunner.run(TestRunner.java:596)
	at org.testng.SuiteRunner.runTest(SuiteRunner.java:377)
	at org.testng.SuiteRunner.runSequentially(SuiteRunner.java:371)
	at org.testng.SuiteRunner.privateRun(SuiteRunner.java:332)
	at org.testng.SuiteRunner.run(SuiteRunner.java:276)
	at org.testng.SuiteRunnerWorker.runSuite(SuiteRunnerWorker.java:53)
	at org.testng.SuiteRunnerWorker.run(SuiteRunnerWorker.java:96)
	at org.testng.TestNG.runSuitesSequentially(TestNG.java:1212)
	at org.testng.TestNG.runSuitesLocally(TestNG.java:1134)
	at org.testng.TestNG.runSuites(TestNG.java:1063)
	at org.testng.TestNG.run(TestNG.java:1031)
	at org.testng.remote.AbstractRemoteTestNG.run(AbstractRemoteTestNG.java:115)
	at org.testng.remote.RemoteTestNG.initAndRun(RemoteTestNG.java:251)
	at org.testng.remote.RemoteTestNG.main(RemoteTestNG.java:77)
2021-03-08 00:49:01,698 DEBUG [main] PlatformDependent0:403 - java.nio.DirectByteBuffer.<init>(long, int): unavailable
2021-03-08 00:49:01,698 DEBUG [main] PlatformDependent:1079 - sun.misc.Unsafe: available
2021-03-08 00:49:01,724 DEBUG [main] PlatformDependent:1181 - maxDirectMemory: 2113929216 bytes (maybe)
2021-03-08 00:49:01,727 DEBUG [main] PlatformDependent:1200 - -Dio.netty.tmpdir: C:\Users\arjun\AppData\Local\Temp (java.io.tmpdir)
2021-03-08 00:49:01,727 DEBUG [main] PlatformDependent:1279 - -Dio.netty.bitMode: 64 (sun.arch.data.model)
2021-03-08 00:49:01,729 DEBUG [main] PlatformDependent:177 - -Dio.netty.maxDirectMemory: -1 bytes
2021-03-08 00:49:01,730 DEBUG [main] PlatformDependent:184 - -Dio.netty.uninitializedArrayAllocationThreshold: -1
2021-03-08 00:49:01,733 DEBUG [main] CleanerJava9:71 - java.nio.ByteBuffer.cleaner(): available
2021-03-08 00:49:01,734 DEBUG [main] PlatformDependent:204 - -Dio.netty.noPreferDirect: false
2021-03-08 00:49:01,748 DEBUG [main] PlatformDependent:940 - org.jctools-core.MpscChunkedArrayQueue: available
2021-03-08 00:49:01,797 DEBUG [main] InternalThreadLocalMap:83 - -Dio.netty.threadLocalMap.stringBuilder.initialSize: 1024
2021-03-08 00:49:01,798 DEBUG [main] InternalThreadLocalMap:86 - -Dio.netty.threadLocalMap.stringBuilder.maxSize: 4096
2021-03-08 00:49:01,851 DEBUG [main] JdkSslContext:97 - Default protocols (JDK): [TLSv1.3, TLSv1.2, TLSv1.1, TLSv1] 
2021-03-08 00:49:01,852 DEBUG [main] JdkSslContext:98 - Default cipher suites (JDK): [TLS_ECDHE_ECDSA_WITH_AES_256_GCM_SHA384, TLS_ECDHE_ECDSA_WITH_AES_128_GCM_SHA256, TLS_ECDHE_RSA_WITH_AES_128_GCM_SHA256, TLS_ECDHE_RSA_WITH_AES_256_GCM_SHA384, TLS_ECDHE_RSA_WITH_AES_128_CBC_SHA, TLS_ECDHE_RSA_WITH_AES_256_CBC_SHA, TLS_RSA_WITH_AES_128_GCM_SHA256, TLS_RSA_WITH_AES_128_CBC_SHA, TLS_RSA_WITH_AES_256_CBC_SHA, TLS_AES_128_GCM_SHA256, TLS_AES_256_GCM_SHA384]
2021-03-08 00:49:01,887 DEBUG [main] MultithreadEventLoopGroup:44 - -Dio.netty.eventLoopThreads: 16
2021-03-08 00:49:01,899 DEBUG [main] NioEventLoop:106 - -Dio.netty.noKeySetOptimization: false
2021-03-08 00:49:01,900 DEBUG [main] NioEventLoop:107 - -Dio.netty.selectorAutoRebuildThreshold: 512
2021-03-08 00:49:01,951 DEBUG [main] PooledByteBufAllocator:154 - -Dio.netty.allocator.numHeapArenas: 16
2021-03-08 00:49:01,951 DEBUG [main] PooledByteBufAllocator:155 - -Dio.netty.allocator.numDirectArenas: 16
2021-03-08 00:49:01,951 DEBUG [main] PooledByteBufAllocator:157 - -Dio.netty.allocator.pageSize: 8192
2021-03-08 00:49:01,951 DEBUG [main] PooledByteBufAllocator:162 - -Dio.netty.allocator.maxOrder: 11
2021-03-08 00:49:01,951 DEBUG [main] PooledByteBufAllocator:166 - -Dio.netty.allocator.chunkSize: 16777216
2021-03-08 00:49:01,952 DEBUG [main] PooledByteBufAllocator:167 - -Dio.netty.allocator.smallCacheSize: 256
2021-03-08 00:49:01,952 DEBUG [main] PooledByteBufAllocator:168 - -Dio.netty.allocator.normalCacheSize: 64
2021-03-08 00:49:01,952 DEBUG [main] PooledByteBufAllocator:169 - -Dio.netty.allocator.maxCachedBufferCapacity: 32768
2021-03-08 00:49:01,952 DEBUG [main] PooledByteBufAllocator:170 - -Dio.netty.allocator.cacheTrimInterval: 8192
2021-03-08 00:49:01,952 DEBUG [main] PooledByteBufAllocator:171 - -Dio.netty.allocator.cacheTrimIntervalMillis: 0
2021-03-08 00:49:01,953 DEBUG [main] PooledByteBufAllocator:172 - -Dio.netty.allocator.useCacheForAllThreads: true
2021-03-08 00:49:01,953 DEBUG [main] PooledByteBufAllocator:173 - -Dio.netty.allocator.maxCachedByteBuffersPerChunk: 1023
2021-03-08 00:49:01,964 DEBUG [main] ByteBufUtil:87 - -Dio.netty.allocator.type: pooled
2021-03-08 00:49:01,964 DEBUG [main] ByteBufUtil:96 - -Dio.netty.threadLocalDirectBufferSize: 0
2021-03-08 00:49:01,964 DEBUG [main] ByteBufUtil:99 - -Dio.netty.maxThreadLocalCharBufferSize: 16384
2021-03-08 00:49:02,762 DEBUG [Forwarding newSession on session null to remote] DefaultChannelId:79 - -Dio.netty.processId: 20272 (auto-detected)
2021-03-08 00:49:02,764 DEBUG [Forwarding newSession on session null to remote] NetUtil:135 - -Djava.net.preferIPv4Stack: false
2021-03-08 00:49:02,765 DEBUG [Forwarding newSession on session null to remote] NetUtil:136 - -Djava.net.preferIPv6Addresses: false
2021-03-08 00:49:02,776 DEBUG [Forwarding newSession on session null to remote] NetUtilInitializations:129 - Loopback interface: lo (Software Loopback Interface 1, 127.0.0.1)
2021-03-08 00:49:02,777 DEBUG [Forwarding newSession on session null to remote] NetUtil:187 - Failed to get SOMAXCONN from sysctl and file \proc\sys\net\core\somaxconn. Default: 200
2021-03-08 00:49:02,804 DEBUG [Forwarding newSession on session null to remote] DefaultChannelId:101 - -Dio.netty.machineId: 6c:6a:77:ff:fe:15:77:1e (auto-detected)
2021-03-08 00:49:02,853 DEBUG [AsyncHttpClient-2-1] AbstractByteBuf:63 - -Dio.netty.buffer.checkAccessible: true
2021-03-08 00:49:02,853 DEBUG [AsyncHttpClient-2-1] AbstractByteBuf:64 - -Dio.netty.buffer.checkBounds: true
2021-03-08 00:49:02,854 DEBUG [AsyncHttpClient-2-1] ResourceLeakDetectorFactory:196 - Loaded default ResourceLeakDetector: io.netty.util.ResourceLeakDetector@3b7fb656
2021-03-08 00:49:02,877 DEBUG [AsyncHttpClient-2-1] Recycler:102 - -Dio.netty.recycler.maxCapacityPerThread: 4096
2021-03-08 00:49:02,877 DEBUG [AsyncHttpClient-2-1] Recycler:103 - -Dio.netty.recycler.maxSharedCapacityFactor: 2
2021-03-08 00:49:02,877 DEBUG [AsyncHttpClient-2-1] Recycler:104 - -Dio.netty.recycler.linkCapacity: 16
2021-03-08 00:49:02,877 DEBUG [AsyncHttpClient-2-1] Recycler:105 - -Dio.netty.recycler.ratio: 8
2021-03-08 00:49:02,877 DEBUG [AsyncHttpClient-2-1] Recycler:106 - -Dio.netty.recycler.delayedQueue.ratio: 8
2021-03-08 00:49:03,747 DEBUG [main] ThreadLocalRandom:212 - -Dio.netty.initialSeedUniquifier: 0xe6ea18c0aa88330f
2021-03-08 00:49:25,259 DEBUG [AsyncHttpClient-2-1] PoolThreadCache:224 - Freed 13 thread-local buffer(s) from thread: AsyncHttpClient-2-1
2021-03-08 00:49:51,310 DEBUG [AsyncHttpClient-6-1] PoolThreadCache:224 - Freed 13 thread-local buffer(s) from thread: AsyncHttpClient-6-1
2021-03-08 00:50:10,551 DEBUG [main] cache:45 - Couldn't find template in cache for "Extent.ftl"("en_IN", UTF-8, parsed); will try to load it.
2021-03-08 00:50:10,552 DEBUG [main] cache:45 - TemplateLoader.findTemplateSource("Extent_en_IN.ftl"): Not found
2021-03-08 00:50:10,554 DEBUG [main] cache:45 - TemplateLoader.findTemplateSource("Extent_en.ftl"): Not found
2021-03-08 00:50:10,555 DEBUG [main] cache:45 - TemplateLoader.findTemplateSource("Extent.ftl"): Found
2021-03-08 00:50:10,556 DEBUG [main] cache:45 - Loading template for "Extent.ftl"("en_IN", UTF-8, parsed) from "jar:file:/C:/Users/arjun/.m2/repository/com/relevantcodes/extentreports/2.41.2/extentreports-2.41.2.jar!/com/relevantcodes/extentreports/view/Extent.ftl"
2021-03-08 00:50:10,799 DEBUG [main] cache:45 - Couldn't find template in cache for "Extent.ftl"("en_IN", UTF-8, parsed); will try to load it.
2021-03-08 00:50:10,800 DEBUG [main] cache:45 - TemplateLoader.findTemplateSource("Extent_en_IN.ftl"): Not found
2021-03-08 00:50:10,800 DEBUG [main] cache:45 - TemplateLoader.findTemplateSource("Extent_en.ftl"): Not found
2021-03-08 00:50:10,801 DEBUG [main] cache:45 - TemplateLoader.findTemplateSource("Extent.ftl"): Found
2021-03-08 00:50:10,801 DEBUG [main] cache:45 - Loading template for "Extent.ftl"("en_IN", UTF-8, parsed) from "jar:file:/C:/Users/arjun/.m2/repository/com/relevantcodes/extentreports/2.41.2/extentreports-2.41.2.jar!/com/relevantcodes/extentreports/view/Extent.ftl"
