<?xml version="1.0" encoding="UTF-8"?>
<testng-results ignored="0" total="3" passed="2" failed="1" skipped="0">
  <reporter-output>
  </reporter-output>
  <suite started-at="2021-03-08T17:50:27 IST" name="ShoppingWebStore" finished-at="2021-03-08T17:53:06 IST" duration-ms="158639">
    <groups>
    </groups>
    <test started-at="2021-03-08T17:50:27 IST" name="LoginTestChrome" finished-at="2021-03-08T17:53:06 IST" duration-ms="158639">
      <class name="com.Test.CasualDressPageTest">
        <test-method is-config="true" signature="setUp(java.lang.String,java.lang.String)[pri:0, instance:com.Test.CasualDressPageTest@729d991e]" started-at="2021-03-08T17:52:08 IST" name="setUp" finished-at="2021-03-08T17:52:29 IST" duration-ms="20392" status="PASS">
          <params>
            <param index="0">
              <value>
                <![CDATA[chrome]]>
              </value>
            </param>
            <param index="1">
              <value>
                <![CDATA[http://automationpractice.com/index.php]]>
              </value>
            </param>
          </params>
          <reporter-output>
          </reporter-output>
        </test-method> <!-- setUp -->
        <test-method signature="priceTagCheckTest()[pri:0, instance:com.Test.CasualDressPageTest@729d991e]" started-at="2021-03-08T17:52:29 IST" name="priceTagCheckTest" finished-at="2021-03-08T17:53:05 IST" duration-ms="36755" status="FAIL">
          <exception class="java.lang.AssertionError">
            <message>
              <![CDATA[price not matching expected [$26.00] but found []]]>
            </message>
            <full-stacktrace>
              <![CDATA[java.lang.AssertionError: price not matching expected [$26.00] but found []
at org.testng.Assert.fail(Assert.java:99)
at org.testng.Assert.failNotEquals(Assert.java:1037)
at org.testng.Assert.assertEqualsImpl(Assert.java:140)
at org.testng.Assert.assertEquals(Assert.java:122)
at org.testng.Assert.assertEquals(Assert.java:629)
at com.Test.CasualDressPageTest.priceTagCheckTest(CasualDressPageTest.java:31)
at java.base/jdk.internal.reflect.NativeMethodAccessorImpl.invoke0(Native Method)
at java.base/jdk.internal.reflect.NativeMethodAccessorImpl.invoke(NativeMethodAccessorImpl.java:64)
at java.base/jdk.internal.reflect.DelegatingMethodAccessorImpl.invoke(DelegatingMethodAccessorImpl.java:43)
at java.base/java.lang.reflect.Method.invoke(Method.java:564)
at org.testng.internal.MethodInvocationHelper.invokeMethod(MethodInvocationHelper.java:133)
at org.testng.internal.TestInvoker.invokeMethod(TestInvoker.java:598)
at org.testng.internal.TestInvoker.invokeTestMethod(TestInvoker.java:173)
at org.testng.internal.MethodRunner.runInSequence(MethodRunner.java:46)
at org.testng.internal.TestInvoker$MethodInvocationAgent.invoke(TestInvoker.java:824)
at org.testng.internal.TestInvoker.invokeTestMethods(TestInvoker.java:146)
at org.testng.internal.TestMethodWorker.invokeTestMethods(TestMethodWorker.java:146)
at org.testng.internal.TestMethodWorker.run(TestMethodWorker.java:128)
at java.base/java.util.ArrayList.forEach(ArrayList.java:1511)
at org.testng.TestRunner.privateRun(TestRunner.java:794)
at org.testng.TestRunner.run(TestRunner.java:596)
at org.testng.SuiteRunner.runTest(SuiteRunner.java:377)
at org.testng.SuiteRunner.runSequentially(SuiteRunner.java:371)
at org.testng.SuiteRunner.privateRun(SuiteRunner.java:332)
at org.testng.SuiteRunner.run(SuiteRunner.java:276)
at org.testng.SuiteRunnerWorker.runSuite(SuiteRunnerWorker.java:53)
at org.testng.SuiteRunnerWorker.run(SuiteRunnerWorker.java:96)
at org.testng.TestNG.runSuitesSequentially(TestNG.java:1212)
at org.testng.TestNG.runSuitesLocally(TestNG.java:1134)
at org.testng.TestNG.runSuites(TestNG.java:1063)
at org.testng.TestNG.run(TestNG.java:1031)
at org.apache.maven.surefire.testng.TestNGExecutor.run(TestNGExecutor.java:284)
at org.apache.maven.surefire.testng.TestNGXmlTestSuite.execute(TestNGXmlTestSuite.java:75)
at org.apache.maven.surefire.testng.TestNGProvider.invoke(TestNGProvider.java:119)
at org.apache.maven.surefire.booter.ForkedBooter.runSuitesInProcess(ForkedBooter.java:428)
at org.apache.maven.surefire.booter.ForkedBooter.execute(ForkedBooter.java:162)
at org.apache.maven.surefire.booter.ForkedBooter.run(ForkedBooter.java:562)
at org.apache.maven.surefire.booter.ForkedBooter.main(ForkedBooter.java:548)
]]>
            </full-stacktrace>
          </exception> <!-- java.lang.AssertionError -->
          <reporter-output>
          </reporter-output>
        </test-method> <!-- priceTagCheckTest -->
        <test-method is-config="true" signature="tearDown()[pri:0, instance:com.Test.CasualDressPageTest@729d991e]" started-at="2021-03-08T17:53:05 IST" name="tearDown" finished-at="2021-03-08T17:53:06 IST" duration-ms="658" status="PASS">
          <reporter-output>
          </reporter-output>
        </test-method> <!-- tearDown -->
      </class> <!-- com.Test.CasualDressPageTest -->
      <class name="com.Test.LoginTest">
        <test-method is-config="true" signature="setUp(java.lang.String,java.lang.String)[pri:0, instance:com.Test.LoginTest@2fb3536e]" started-at="2021-03-08T17:50:28 IST" name="setUp" finished-at="2021-03-08T17:50:47 IST" duration-ms="19814" status="PASS">
          <params>
            <param index="0">
              <value>
                <![CDATA[chrome]]>
              </value>
            </param>
            <param index="1">
              <value>
                <![CDATA[http://automationpractice.com/index.php]]>
              </value>
            </param>
          </params>
          <reporter-output>
          </reporter-output>
        </test-method> <!-- setUp -->
        <test-method signature="signInToApplication()[pri:0, instance:com.Test.LoginTest@2fb3536e]" started-at="2021-03-08T17:50:47 IST" name="signInToApplication" finished-at="2021-03-08T17:51:10 IST" duration-ms="22618" status="PASS">
          <reporter-output>
          </reporter-output>
        </test-method> <!-- signInToApplication -->
        <test-method is-config="true" signature="tearDown()[pri:0, instance:com.Test.LoginTest@2fb3536e]" started-at="2021-03-08T17:51:10 IST" name="tearDown" finished-at="2021-03-08T17:51:11 IST" duration-ms="667" status="PASS">
          <reporter-output>
          </reporter-output>
        </test-method> <!-- tearDown -->
      </class> <!-- com.Test.LoginTest -->
      <class name="com.Test.HomePageTest">
        <test-method is-config="true" signature="setUp(java.lang.String,java.lang.String)[pri:0, instance:com.Test.HomePageTest@1de5f259]" started-at="2021-03-08T17:51:11 IST" name="setUp" finished-at="2021-03-08T17:51:26 IST" duration-ms="15121" status="PASS">
          <params>
            <param index="0">
              <value>
                <![CDATA[chrome]]>
              </value>
            </param>
            <param index="1">
              <value>
                <![CDATA[http://automationpractice.com/index.php]]>
              </value>
            </param>
          </params>
          <reporter-output>
          </reporter-output>
        </test-method> <!-- setUp -->
        <test-method signature="casualDresspageTitleTest()[pri:0, instance:com.Test.HomePageTest@1de5f259]" started-at="2021-03-08T17:51:26 IST" name="casualDresspageTitleTest" finished-at="2021-03-08T17:52:08 IST" duration-ms="41919" status="PASS">
          <reporter-output>
          </reporter-output>
        </test-method> <!-- casualDresspageTitleTest -->
        <test-method is-config="true" signature="tearDown()[pri:0, instance:com.Test.HomePageTest@1de5f259]" started-at="2021-03-08T17:52:08 IST" name="tearDown" finished-at="2021-03-08T17:52:08 IST" duration-ms="653" status="PASS">
          <reporter-output>
          </reporter-output>
        </test-method> <!-- tearDown -->
      </class> <!-- com.Test.HomePageTest -->
    </test> <!-- LoginTestChrome -->
  </suite> <!-- ShoppingWebStore -->
</testng-results>
