<?xml version="1.0" encoding="UTF-8"?>
<!-- Generated by org.testng.reporters.JUnitXMLReporter -->
<testsuite ignored="0" hostname="LAPTOP-HHEEE6MB" failures="1" tests="3" name="LoginTestChrome" time="158.639" errors="0" timestamp="2021-03-08T17:53:06 IST">
  <testcase classname="com.Test.LoginTest" name="signInToApplication" time="22.618"/>
  <testcase classname="com.Test.HomePageTest" name="casualDresspageTitleTest" time="41.919"/>
  <testcase classname="com.Test.CasualDressPageTest" name="priceTagCheckTest" time="36.755">
    <failure type="java.lang.AssertionError" message="price not matching expected [$26.00] but found []">
      <![CDATA[java.lang.AssertionError: price not matching expected [$26.00] but found []
at com.Test.CasualDressPageTest.priceTagCheckTest(CasualDressPageTest.java:31)
at java.base/java.util.ArrayList.forEach(ArrayList.java:1511)
... Removed 36 stack frames]]>
    </failure>
  </testcase> <!-- priceTagCheckTest -->
</testsuite> <!-- LoginTestChrome -->
